生成启动时间为 2016/9/24 14:16:05。
     1>项目“D:\vsproject\cnewtest\fullzaeponebag\fullzaeponebag.vcxproj”在节点 4 上(Rebuild 个目标)。
     1>ClCompile:
         D:\vs2013\VC\bin\CL.exe /c /ZI /nologo /W3 /WX- /Od /Oy- /D WIN32 /D _DEBUG /D _CONSOLE /D _LIB /D _UNICODE /D UNICODE /Gm /EHsc /RTC1 /MDd /GS /fp:precise /Zc:wchar_t /Zc:forScope /Fo"Debug\\" /Fd"Debug\vc120.pdb" /Gd /TP /analyze- /errorReport:prompt "总结文档.cpp" "源.cpp" "源1.cpp" "源2.cpp" "源3.cpp"
         源3.cpp
     1>d:\vsproject\cnewtest\fullzaeponebag\源3.cpp(41): error C3861: “max”:  找不到标识符
         源2.cpp
     1>d:\vsproject\cnewtest\fullzaeponebag\源2.cpp(51): error C3861: “max”:  找不到标识符
         源1.cpp
     1>d:\vsproject\cnewtest\fullzaeponebag\源1.cpp(17): error C3861: “max”:  找不到标识符
         源.cpp
     1>d:\vsproject\cnewtest\fullzaeponebag\源.cpp(27): error C3861: “max”:  找不到标识符
         总结文档.cpp
         正在生成代码...
     1>已完成生成项目“D:\vsproject\cnewtest\fullzaeponebag\fullzaeponebag.vcxproj”(Rebuild 个目标)的操作 - 失败。

生成失败。

已用时间 00:00:03.50
